<?xml version="1.0" encoding="UTF-8"?>
<testng-results skipped="0" failed="0" ignored="0" total="1" passed="1">
  <reporter-output>
  </reporter-output>
  <suite name="Suite" duration-ms="33986" started-at="2019-04-04T02:34:20Z" finished-at="2019-04-04T02:34:54Z">
    <groups>
    </groups>
    <test name="CRMPROTesting" duration-ms="33986" started-at="2019-04-04T02:34:20Z" finished-at="2019-04-04T02:34:54Z">
      <class name="executionEngine.DriverScriptTest">
        <test-method status="PASS" signature="Intitialize()[pri:0, instance:executionEngine.DriverScriptTest@7403c468]" name="Intitialize" duration-ms="33964" started-at="2019-04-04T02:34:20Z" finished-at="2019-04-04T02:34:54Z">
          <reporter-output>
          </reporter-output>
        </test-method> <!-- Intitialize -->
      </class> <!-- executionEngine.DriverScriptTest -->
    </test> <!-- CRMPROTesting -->
  </suite> <!-- Suite -->
</testng-results>
