<?xml version="1.0" encoding="UTF-8"?>
<testng-results ignored="0" total="1" passed="1" failed="0" skipped="0">
  <reporter-output>
  </reporter-output>
  <suite started-at="2018-08-18T19:37:45Z" name="Suite" finished-at="2018-08-18T19:38:13Z" duration-ms="27572">
    <groups>
    </groups>
    <test started-at="2018-08-18T19:37:45Z" name="CRMPROTesting" finished-at="2018-08-18T19:38:13Z" duration-ms="27572">
      <class name="executionEngine.DriverScriptTest">
        <test-method signature="Intitialize()[pri:0, instance:executionEngine.DriverScriptTest@1e6454ec]" started-at="2018-08-18T19:37:45Z" name="Intitialize" finished-at="2018-08-18T19:38:13Z" duration-ms="27551" status="PASS">
          <reporter-output>
          </reporter-output>
        </test-method> <!-- Intitialize -->
      </class> <!-- executionEngine.DriverScriptTest -->
    </test> <!-- CRMPROTesting -->
  </suite> <!-- Suite -->
</testng-results>
